
> rest-express@1.0.0 dev
> NODE_ENV=development tsx server/index.ts

node:events:502
      throw er; // Unhandled 'error' event
      ^

Error: listen EADDRINUSE: address already in use ::1:5000
    at Server.setupListenHandle [as _listen2] (node:net:1937:16)
    at listenInCluster (node:net:1994:12)
    at GetAddrInfoReqWrap.callback (node:net:2203:7)
    at GetAddrInfoReqWrap.onlookupall [as oncomplete] (node:dns:132:8)
Emitted 'error' event on Server instance at:
    at emitErrorNT (node:net:1973:8)
    at process.processTicksAndRejections (node:internal/process/task_queues:90:21) {
  code: 'EADDRINUSE',
  errno: -48,
  syscall: 'listen',
  address: '::1',
  port: 5000
}

Node.js v22.13.1
